Main Code/Android/MDP-NEW/app/build/intermediates/manifest_merge_blame_file/debug/manifest-merger-blame-debug-report.txt
1<?xml version="1.0" encoding="utf-8"?>
2<manifest xmlns:android="http://schemas.android.com/apk/res/android"
3    package="com.example.mdp_new"
4    android:versionCode="1"
5    android:versionName="1.0" >
6
7    <uses-sdk
8        android:minSdkVersion="21"
8-->src\main\AndroidManifest.xml
9        android:targetSdkVersion="32" />
9-->src\main\AndroidManifest.xml
10
11    <uses-feature
11-->src\main\AndroidManifest.xml:5:5-7:35
12        android:name="android.hardware.bluetooth"
12-->src\main\AndroidManifest.xml:6:9-50
13        android:required="true" />
13-->src\main\AndroidManifest.xml:7:9-32
14
15    <uses-permission android:name="android.permission.BLUETOOTH" />
15-->src\main\AndroidManifest.xml:9:5-68
15-->src\main\AndroidManifest.xml:9:22-65
16    <uses-permission android:name="android.permission.BLUETOOTH_ADMIN" />
16-->src\main\AndroidManifest.xml:10:5-74
16-->src\main\AndroidManifest.xml:10:22-71
17    <uses-permission android:name="android.permission.ACCESS_COARSE_LOCATION" />
17-->src\main\AndroidManifest.xml:11:5-81
17-->src\main\AndroidManifest.xml:11:22-78
18    <uses-permission android:name="android.permission.ACCESS_FINE_LOCATION" />
18-->src\main\AndroidManifest.xml:12:5-79
18-->src\main\AndroidManifest.xml:12:22-76
19    <uses-permission android:name="android.permission.BLUETOOTH_ADVERTISE" />
19-->src\main\AndroidManifest.xml:13:5-78
19-->src\main\AndroidManifest.xml:13:22-75
20    <uses-permission android:name="android.permission.BLUETOOTH_CONNECT" />
20-->src\main\AndroidManifest.xml:14:5-76
20-->src\main\AndroidManifest.xml:14:22-73
21    <uses-permission android:name="android.permission.BLUETOOTH_SCAN" />
21-->src\main\AndroidManifest.xml:15:5-73
21-->src\main\AndroidManifest.xml:15:22-70
22
23    <application
23-->src\main\AndroidManifest.xml:17:5-48:19
24        android:allowBackup="true"
24-->src\main\AndroidManifest.xml:18:9-35
25        android:appComponentFactory="androidx.core.app.CoreComponentFactory"
25-->[androidx.core:core:1.7.0] AndroidManifest.xml:24:18-86
26        android:debuggable="true"
27        android:icon="@mipmap/ic_launcher"
27-->src\main\AndroidManifest.xml:19:9-43
28        android:label="MDP Group 45"
28-->src\main\AndroidManifest.xml:20:9-37
29        android:supportsRtl="true"
29-->src\main\AndroidManifest.xml:21:9-35
30        android:testOnly="true"
31        android:theme="@style/Theme.MDPNEW" >
31-->src\main\AndroidManifest.xml:22:9-44
32        <activity
32-->src\main\AndroidManifest.xml:23:9-32:20
33            android:name="com.example.mdp_new.MainActivity"
33-->src\main\AndroidManifest.xml:24:9-37
34            android:exported="true"
34-->src\main\AndroidManifest.xml:26:9-32
35            android:label="MDP Group 45" >
35-->src\main\AndroidManifest.xml:25:9-37
36            <intent-filter>
36-->src\main\AndroidManifest.xml:27:9-31:25
37                <action android:name="android.intent.action.MAIN" />
37-->src\main\AndroidManifest.xml:28:13-65
37-->src\main\AndroidManifest.xml:28:21-62
38
39                <category android:name="android.intent.category.LAUNCHER" />
39-->src\main\AndroidManifest.xml:30:13-73
39-->src\main\AndroidManifest.xml:30:23-70
40            </intent-filter>
41        </activity>
42        <activity
42-->src\main\AndroidManifest.xml:33:13-37:61
43            android:name="com.example.mdp_new.Bluetooth"
43-->src\main\AndroidManifest.xml:34:17-42
44            android:exported="true"
44-->src\main\AndroidManifest.xml:36:17-40
45            android:label="Bluetooth"
45-->src\main\AndroidManifest.xml:35:17-42
46            android:parentActivityName="com.example.mdp_new.MainActivity" />
46-->src\main\AndroidManifest.xml:37:17-59
47        <activity
47-->src\main\AndroidManifest.xml:38:13-42:61
48            android:name="com.example.mdp_new.Communication"
48-->src\main\AndroidManifest.xml:39:17-46
49            android:exported="true"
49-->src\main\AndroidManifest.xml:41:17-40
50            android:label="Communication"
50-->src\main\AndroidManifest.xml:40:17-46
51            android:parentActivityName="com.example.mdp_new.MainActivity" />
51-->src\main\AndroidManifest.xml:42:17-59
52        <activity
52-->src\main\AndroidManifest.xml:43:13-47:57
53            android:name="com.example.mdp_new.Arena"
53-->src\main\AndroidManifest.xml:44:13-34
54            android:exported="true"
54-->src\main\AndroidManifest.xml:46:13-36
55            android:label="Arena"
55-->src\main\AndroidManifest.xml:45:13-34
56            android:parentActivityName="com.example.mdp_new.MainActivity" />
56-->src\main\AndroidManifest.xml:47:13-55
57
58        <provider
58-->[androidx.emoji2:emoji2:1.0.0] AndroidManifest.xml:26:9-34:20
59            android:name="androidx.startup.InitializationProvider"
59-->[androidx.emoji2:emoji2:1.0.0] AndroidManifest.xml:27:13-67
60            android:authorities="com.example.mdp_new.androidx-startup"
60-->[androidx.emoji2:emoji2:1.0.0] AndroidManifest.xml:28:13-68
61            android:exported="false" >
61-->[androidx.emoji2:emoji2:1.0.0] AndroidManifest.xml:29:13-37
62            <meta-data
62-->[androidx.emoji2:emoji2:1.0.0] AndroidManifest.xml:31:13-33:52
63                android:name="androidx.emoji2.text.EmojiCompatInitializer"
63-->[androidx.emoji2:emoji2:1.0.0] AndroidManifest.xml:32:17-75
64                android:value="androidx.startup" />
64-->[androidx.emoji2:emoji2:1.0.0] AndroidManifest.xml:33:17-49
65            <meta-data
65-->[androidx.lifecycle:lifecycle-process:2.4.0] AndroidManifest.xml:31:13-33:52
66                android:name="androidx.lifecycle.ProcessLifecycleInitializer"
66-->[androidx.lifecycle:lifecycle-process:2.4.0] AndroidManifest.xml:32:17-78
67                android:value="androidx.startup" />
67-->[androidx.lifecycle:lifecycle-process:2.4.0] AndroidManifest.xml:33:17-49
68        </provider>
69    </application>
70
71</manifest>